<?xml version="1.0" encoding="UTF-8"?>
<!-- Generated by org.testng.reporters.JUnitXMLReporter -->
<testsuite ignored="0" hostname="Meghas-MacBook-Air.local" failures="0" tests="3" name="Default test" time="31.725" errors="0" timestamp="18 Dec 2018 06:30:04 GMT">
  <testcase classname="assignment4.EdurekaTestNg" name="loginEdureka" time="7.814"/>
  <testcase classname="assignment4.EdurekaTestNg" name="searchCourse" time="4.89"/>
  <testcase classname="assignment4.EdurekaTestNg" name="logoutCourse" time="7.812"/>
</testsuite> <!-- Default test -->
