<?xml version="1.0" encoding="UTF-8"?>
<!-- Generated by org.testng.reporters.JUnitXMLReporter -->
<testsuite ignored="0" hostname="Meghas-MacBook-Air.local" failures="0" tests="3" name="Default test" time="21.18" errors="0" timestamp="19 Dec 2018 10:36:42 GMT">
  <testcase classname="assignment7.EdurekaAssignment7" name="searchFlipkart" time="4.374"/>
  <testcase classname="assignment7.EdurekaAssignment7" name="enterPincode" time="5.171"/>
  <testcase classname="assignment7.EdurekaAssignment7" name="placeOrder" time="4.666"/>
</testsuite> <!-- Default test -->
