<?xml version="1.0" encoding="UTF-8"?>
<!-- Generated by org.testng.reporters.JUnitXMLReporter -->
<testsuite ignored="0" hostname="Meghas-MacBook-Air.local" failures="0" tests="3" name="Test" time="20.398" errors="0" timestamp="19 Dec 2018 15:37:28 GMT">
  <testcase classname="assignment7.EdurekaAssignment7" name="searchFlipkart" time="4.14"/>
  <testcase classname="assignment7.EdurekaAssignment7" name="enterPincode" time="4.944"/>
  <testcase classname="assignment7.EdurekaAssignment7" name="placeOrder" time="4.493"/>
</testsuite> <!-- Test -->
