<?xml version="1.0" encoding="UTF-8"?>
<testng-results ignored="0" total="3" passed="3" failed="0" skipped="0">
  <reporter-output>
  </reporter-output>
  <suite started-at="2018-12-19T15:51:23Z" name="EdurekaDemotest" finished-at="2018-12-19T15:51:50Z" duration-ms="27100">
    <groups>
    </groups>
    <test started-at="2018-12-19T15:51:23Z" name="Edurekademo" finished-at="2018-12-19T15:51:50Z" duration-ms="27100">
      <class name="assignment4.EdurekaTestNg">
        <test-method is-config="true" signature="invokeBrowser()[pri:0, instance:assignment4.EdurekaTestNg@38102d01]" started-at="2018-12-19T15:51:23Z" name="invokeBrowser" finished-at="2018-12-19T15:51:30Z" duration-ms="7246" status="PASS">
          <reporter-output>
          </reporter-output>
        </test-method> <!-- invokeBrowser -->
        <test-method signature="loginEdureka()[pri:1, instance:assignment4.EdurekaTestNg@38102d01]" started-at="2018-12-19T15:51:30Z" name="loginEdureka" finished-at="2018-12-19T15:51:38Z" duration-ms="7741" status="PASS">
          <reporter-output>
          </reporter-output>
        </test-method> <!-- loginEdureka -->
        <test-method signature="searchCourse()[pri:2, instance:assignment4.EdurekaTestNg@38102d01]" started-at="2018-12-19T15:51:38Z" name="searchCourse" finished-at="2018-12-19T15:51:43Z" depends-on-methods="assignment4.EdurekaTestNg.loginEdureka" duration-ms="5082" status="PASS">
          <reporter-output>
          </reporter-output>
        </test-method> <!-- searchCourse -->
        <test-method signature="logoutCourse()[pri:3, instance:assignment4.EdurekaTestNg@38102d01]" started-at="2018-12-19T15:51:43Z" name="logoutCourse" finished-at="2018-12-19T15:51:50Z" depends-on-methods="assignment4.EdurekaTestNg.searchCourse" duration-ms="6866" status="PASS">
          <reporter-output>
          </reporter-output>
        </test-method> <!-- logoutCourse -->
        <test-method is-config="true" signature="closeBrowser()[pri:0, instance:assignment4.EdurekaTestNg@38102d01]" started-at="2018-12-19T15:51:50Z" name="closeBrowser" finished-at="2018-12-19T15:51:50Z" duration-ms="133" status="PASS">
          <reporter-output>
          </reporter-output>
        </test-method> <!-- closeBrowser -->
      </class> <!-- assignment4.EdurekaTestNg -->
    </test> <!-- Edurekademo -->
  </suite> <!-- EdurekaDemotest -->
</testng-results>
