<?xml version="1.0" encoding="UTF-8"?>
<testng-results ignored="0" total="2" passed="2" failed="0" skipped="0">
  <reporter-output>
  </reporter-output>
  <suite started-at="2018-12-17T16:14:42Z" name="Default suite" finished-at="2018-12-17T16:14:42Z" duration-ms="48">
    <groups>
    </groups>
    <test started-at="2018-12-17T16:14:42Z" name="Default test" finished-at="2018-12-17T16:14:42Z" duration-ms="48">
      <class name="testNGPractice.TestNGDemo">
        <test-method signature="loginApplication()[pri:1, instance:testNGPractice.TestNGDemo@385e9564]" started-at="2018-12-17T16:14:42Z" name="loginApplication" description="Launching TestNg" finished-at="2018-12-17T16:14:42Z" duration-ms="17" status="PASS">
          <reporter-output>
          </reporter-output>
        </test-method> <!-- loginApplication -->
        <test-method signature="checkApplication()[pri:2, instance:testNGPractice.TestNGDemo@385e9564]" started-at="2018-12-17T16:14:42Z" name="checkApplication" description="checking TestNg" finished-at="2018-12-17T16:14:42Z" duration-ms="2" status="PASS">
          <reporter-output>
          </reporter-output>
        </test-method> <!-- checkApplication -->
      </class> <!-- testNGPractice.TestNGDemo -->
    </test> <!-- Default test -->
  </suite> <!-- Default suite -->
</testng-results>
