<?xml version="1.0" encoding="UTF-8"?>
<!-- Generated by org.testng.reporters.JUnitXMLReporter -->
<testsuite ignored="0" hostname="Meghas-MacBook-Air.local" failures="0" tests="3" name="Edurekademo" time="27.1" errors="0" timestamp="19 Dec 2018 15:51:50 GMT">
  <testcase classname="assignment4.EdurekaTestNg" name="loginEdureka" time="7.741"/>
  <testcase classname="assignment4.EdurekaTestNg" name="searchCourse" time="5.082"/>
  <testcase classname="assignment4.EdurekaTestNg" name="logoutCourse" time="6.866"/>
</testsuite> <!-- Edurekademo -->
